<?xml version="1.0" encoding="UTF-8"?>
<testng-results skipped="0" failed="0" total="1" passed="1">
  <reporter-output>
  </reporter-output>
  <suite name="Default suite" duration-ms="410" started-at="2015-04-16T10:29:47Z" finished-at="2015-04-16T10:29:47Z">
    <groups>
    </groups>
    <test name="Default test" duration-ms="410" started-at="2015-04-16T10:29:47Z" finished-at="2015-04-16T10:29:47Z">
      <class name="Git.Git.test">
        <test-method status="PASS" signature="google()[pri:0, instance:Git.Git.test@af01f4d]" name="google" duration-ms="386" started-at="2015-04-16T11:29:47Z" finished-at="2015-04-16T11:29:47Z">
          <reporter-output>
          </reporter-output>
        </test-method> <!-- google -->
      </class> <!-- Git.Git.test -->
    </test> <!-- Default test -->
  </suite> <!-- Default suite -->
</testng-results>
